<?xml version="1.0" encoding="UTF-8"?>
<!-- Generated by org.testng.reporters.JUnitReportReporter -->
<testsuite hostname="LAPTOP-VHN20HQL" failures="0" tests="1" name="com.Goggle_Nukari_Profile_Page.Goggle_Nukari_Profile_Update" time="28.744" errors="0" timestamp="2025-08-30T00:08:29 IST" skipped="0">
  <testcase classname="com.Goggle_Nukari_Profile_Page.Goggle_Nukari_Profile_Update" name="Nukauri_Profile_Update" time="28.744"/>
</testsuite> <!-- com.Goggle_Nukari_Profile_Page.Goggle_Nukari_Profile_Update -->
